<?xml version="1.0" encoding="UTF-8"?>
<!-- Generated by org.testng.reporters.JUnitReportReporter -->
<testsuite skipped="0" hostname="DESKTOP-52UTJ3E" name="mytestngpackage.MyTestNGTestcase" tests="1" failures="0" timestamp="2020-01-25T17:52:40 EST" time="0.044" errors="0">
  <testcase name="verifyHomepageTitle" time="0.044" classname="mytestngpackage.MyTestNGTestcase"/>
</testsuite> <!-- mytestngpackage.MyTestNGTestcase -->
